<?xml version="1.0" encoding="UTF-8"?>
<testng-results ignored="0" total="1" passed="1" failed="0" skipped="0">
  <reporter-output>
  </reporter-output>
  <suite started-at="2021-02-24T08:14:24 IST" name="Suite" finished-at="2021-02-24T08:14:56 IST" duration-ms="31650">
    <groups>
    </groups>
    <test started-at="2021-02-24T08:14:24 IST" name="Test1" finished-at="2021-02-24T08:14:56 IST" duration-ms="31650">
      <class name="com.sr.testscripts.TechlisticFormSubmission">
        <test-method is-config="true" signature="openapp(java.lang.String)[pri:0, instance:com.sr.testscripts.TechlisticFormSubmission@70e8f8e]" started-at="2021-02-24T08:14:24 IST" name="openapp" finished-at="2021-02-24T08:14:42 IST" duration-ms="17423" status="PASS">
          <params>
            <param index="0">
              <value>
                <![CDATA[firefox]]>
              </value>
            </param>
          </params>
          <reporter-output>
          </reporter-output>
        </test-method> <!-- openapp -->
        <test-method signature="submitForm()[pri:0, instance:com.sr.testscripts.TechlisticFormSubmission@70e8f8e]" started-at="2021-02-24T08:14:42 IST" name="submitForm" finished-at="2021-02-24T08:14:51 IST" duration-ms="8919" status="PASS">
          <reporter-output>
          </reporter-output>
        </test-method> <!-- submitForm -->
        <test-method is-config="true" signature="closeapp(org.testng.ITestResult)[pri:0, instance:com.sr.testscripts.TechlisticFormSubmission@70e8f8e]" started-at="2021-02-24T08:14:51 IST" name="closeapp" finished-at="2021-02-24T08:14:56 IST" duration-ms="5228" status="PASS">
          <params>
            <param index="0">
              <value>
                <![CDATA[[TestResult name=submitForm status=SUCCESS method=TechlisticFormSubmission.submitForm()[pri:0, instance:com.sr.testscripts.TechlisticFormSubmission@70e8f8e] output={null}]]]>
              </value>
            </param>
          </params>
          <reporter-output>
          </reporter-output>
        </test-method> <!-- closeapp -->
      </class> <!-- com.sr.testscripts.TechlisticFormSubmission -->
    </test> <!-- Test1 -->
  </suite> <!-- Suite -->
</testng-results>
